mode: atomic
speedtest-exporter/internal/app_info/app_info.go:15.48,16.26 1 1
speedtest-exporter/internal/app_info/app_info.go:19.2,30.18 2 1
speedtest-exporter/internal/app_info/app_info.go:16.26,18.3 1 0
speedtest-exporter/internal/app_info/app_info.go:30.18,30.30 1 1
speedtest-exporter/internal/exporter/exporter.go:49.40,50.21 1 3
speedtest-exporter/internal/exporter/exporter.go:53.2,53.22 1 3
speedtest-exporter/internal/exporter/exporter.go:56.2,56.27 1 3
speedtest-exporter/internal/exporter/exporter.go:59.2,72.13 2 3
speedtest-exporter/internal/exporter/exporter.go:50.21,52.3 1 1
speedtest-exporter/internal/exporter/exporter.go:53.22,55.3 1 1
speedtest-exporter/internal/exporter/exporter.go:56.27,58.3 1 3
speedtest-exporter/internal/exporter/exporter.go:75.66,81.2 5 2
speedtest-exporter/internal/exporter/exporter.go:83.69,90.16 6 2
speedtest-exporter/internal/exporter/exporter.go:93.2,98.16 5 2
speedtest-exporter/internal/exporter/exporter.go:101.2,104.16 3 2
speedtest-exporter/internal/exporter/exporter.go:107.2,108.21 2 2
speedtest-exporter/internal/exporter/exporter.go:90.16,92.3 1 0
speedtest-exporter/internal/exporter/exporter.go:98.16,100.3 1 0
speedtest-exporter/internal/exporter/exporter.go:104.16,106.3 1 0
speedtest-exporter/internal/exporter/exporter.go:111.75,112.30 1 2
speedtest-exporter/internal/exporter/exporter.go:130.2,130.12 1 2
speedtest-exporter/internal/exporter/exporter.go:112.30,118.17 6 2
speedtest-exporter/internal/exporter/exporter.go:121.3,122.17 2 2
speedtest-exporter/internal/exporter/exporter.go:125.3,126.17 2 2
speedtest-exporter/internal/exporter/exporter.go:118.17,120.4 1 0
speedtest-exporter/internal/exporter/exporter.go:122.17,124.4 1 0
speedtest-exporter/internal/exporter/exporter.go:126.17,128.4 1 0
speedtest-exporter/internal/exporter/exporter.go:133.66,136.16 3 2
speedtest-exporter/internal/exporter/exporter.go:144.2,146.16 3 2
speedtest-exporter/internal/exporter/exporter.go:154.2,157.28 4 2
speedtest-exporter/internal/exporter/exporter.go:136.16,143.3 6 0
speedtest-exporter/internal/exporter/exporter.go:146.16,153.3 6 0
speedtest-exporter/internal/exporter/exporter.go:157.28,176.3 3 2
speedtest-exporter/internal/exporter/mock_responses.go:16.77,18.2 1 162
speedtest-exporter/internal/exporter/mock_responses.go:21.35,25.2 1 2
speedtest-exporter/internal/exporter/mock_responses.go:27.54,29.26 2 162
speedtest-exporter/internal/exporter/mock_responses.go:98.2,98.12 1 162
speedtest-exporter/internal/exporter/mock_responses.go:30.56,38.4 1 2
speedtest-exporter/internal/exporter/mock_responses.go:39.69,47.4 1 2
speedtest-exporter/internal/exporter/mock_responses.go:48.64,55.4 1 84
speedtest-exporter/internal/exporter/mock_responses.go:56.65,63.4 1 6
speedtest-exporter/internal/exporter/mock_responses.go:64.73,66.17 2 64
speedtest-exporter/internal/exporter/mock_responses.go:69.3,75.4 1 64
speedtest-exporter/internal/exporter/mock_responses.go:76.71,78.17 2 4
speedtest-exporter/internal/exporter/mock_responses.go:81.3,87.4 1 4
speedtest-exporter/internal/exporter/mock_responses.go:88.10,96.4 2 0
speedtest-exporter/internal/exporter/mock_responses.go:66.17,68.4 1 0
speedtest-exporter/internal/exporter/mock_responses.go:78.17,80.4 1 0
